number,value,datetime_start,datetime_complete,duration,params_colsample_bytree,params_learning_rate,params_max_depth,params_n_estimators,params_subsample,params_weight_multiplier,state
114,0.9361552732708023,2026-09-07 19:16:09.674468,2026-09-07 19:17:32.495585,0 days 00:01:22.821117,0.9499449923994113,0.06650639876529062,13.0,433.0,0.9298305025750424,1.7415707669084133,PRUNED
115,0.9364931539611925,2026-09-07 19:17:32.852633,2026-09-07 19:19:09.016499,0 days 00:01:36.163866,0.9339221105280487,0.10177184809698617,7.0,588.0,0.976942420150518,1.7854971573864953,PRUNED
116,0.9356745911179347,2026-09-07 19:19:09.272170,2026-09-07 19:19:37.671861,0 days 00:00:28.399691,0.9596899562010233,0.11456436048939703,5.0,202.0,0.9092928242369541,1.5500622943171574,PRUNED
117,0.9547156578898086,2026-09-07 19:19:37.921762,2026-09-07 19:22:08.140806,0 days 00:02:30.219044,0.9691177949960641,0.14823838213248483,11.0,400.0,0.951202545047055,1.5855602988181372,COMPLETE
118,0.9360867972949535,2026-09-07 19:22:08.382368,2026-09-07 19:23:09.620169,0 days 00:01:01.237801,0.9705101419165255,0.1461458153389088,11.0,414.0,0.9673511463596965,1.449962714725118,PRUNED
119,0.9533536680018836,2026-09-07 19:23:09.875308,2026-09-07 19:25:42.116696,0 days 00:02:32.241388,0.9769180414464158,0.16864092243455275,11.0,400.0,0.9536229037534891,1.867841036991706,COMPLETE
120,0.9382003183660056,2026-09-07 19:25:42.387228,2026-09-07 19:27:12.573868,0 days 00:01:30.186640,0.9806422401161966,0.09065193291492557,13.0,498.0,0.9626843152677039,1.5912403520152136,PRUNED
